test/Library/Bee/Android/Prj/IL2CPP/Gradle/unityLibrary/build/intermediates/manifest_merge_blame_file/release/manifest-merger-blame-release-report.txt
1<?xml version="1.0" encoding="utf-8"?>
2<manifest xmlns:android="http://schemas.android.com/apk/res/android"
3    xmlns:tools="http://schemas.android.com/tools"
4    package="com.unity3d.player"
5    android:installLocation="auto" >
6
7    <uses-sdk
8        android:minSdkVersion="29"
8-->src\main\AndroidManifest.xml
9        android:targetSdkVersion="32" />
9-->src\main\AndroidManifest.xml
10
11    <uses-permission android:name="com.oculus.permission.HAND_TRACKING" />
11-->src\main\AndroidManifest.xml:3:3-73
11-->src\main\AndroidManifest.xml:3:20-70
12    <uses-permission android:name="com.oculus.permission.RENDER_MODEL" />
12-->src\main\AndroidManifest.xml:4:3-72
12-->src\main\AndroidManifest.xml:4:20-69
13    <uses-permission android:name="com.oculus.permission.USE_SCENE" />
13-->src\main\AndroidManifest.xml:5:3-69
13-->src\main\AndroidManifest.xml:5:20-66
14    <uses-permission android:name="android.permission.INTERNET" />
14-->src\main\AndroidManifest.xml:6:3-65
14-->src\main\AndroidManifest.xml:6:20-62
15    <uses-permission android:name="android.permission.ACCESS_NETWORK_STATE" />
15-->src\main\AndroidManifest.xml:7:3-77
15-->src\main\AndroidManifest.xml:7:20-74
16    <uses-permission android:name="android.permission.RECORD_AUDIO" />
16-->src\main\AndroidManifest.xml:8:3-69
16-->src\main\AndroidManifest.xml:8:20-66
17    <uses-permission android:name="android.permission.MODIFY_AUDIO_SETTINGS" />
17-->src\main\AndroidManifest.xml:9:3-78
17-->src\main\AndroidManifest.xml:9:20-75
18
19    <uses-feature
19-->src\main\AndroidManifest.xml:10:3-111
20        android:name="android.hardware.vr.headtracking"
20-->src\main\AndroidManifest.xml:10:17-64
21        android:required="true"
21-->src\main\AndroidManifest.xml:10:85-108
22        android:version="1" />
22-->src\main\AndroidManifest.xml:10:65-84
23    <uses-feature
23-->src\main\AndroidManifest.xml:11:3-88
24        android:name="oculus.software.handtracking"
24-->src\main\AndroidManifest.xml:11:17-60
25        android:required="false" />
25-->src\main\AndroidManifest.xml:11:61-85
26    <uses-feature android:name="com.oculus.feature.RENDER_MODEL" />
26-->src\main\AndroidManifest.xml:12:3-66
26-->src\main\AndroidManifest.xml:12:17-63
27    <uses-feature
27-->src\main\AndroidManifest.xml:13:3-95
28        android:name="com.oculus.feature.VIRTUAL_KEYBOARD"
28-->src\main\AndroidManifest.xml:13:17-67
29        android:required="false" />
29-->src\main\AndroidManifest.xml:13:68-92
30    <uses-feature
30-->src\main\AndroidManifest.xml:14:3-90
31        android:name="android.hardware.vulkan.version"
31-->src\main\AndroidManifest.xml:14:17-63
32        android:required="true" />
32-->src\main\AndroidManifest.xml:14:64-87
33    <uses-feature
33-->src\main\AndroidManifest.xml:15:3-87
34        android:name="android.hardware.microphone"
34-->src\main\AndroidManifest.xml:15:17-59
35        android:required="false" />
35-->src\main\AndroidManifest.xml:15:60-84
36    <uses-feature
36-->src\main\AndroidManifest.xml:16:3-88
37        android:name="android.hardware.touchscreen"
37-->src\main\AndroidManifest.xml:16:17-60
38        android:required="false" />
38-->src\main\AndroidManifest.xml:16:61-85
39    <uses-feature
39-->src\main\AndroidManifest.xml:17:3-99
40        android:name="android.hardware.touchscreen.multitouch"
40-->src\main\AndroidManifest.xml:17:17-71
41        android:required="false" />
41-->src\main\AndroidManifest.xml:17:72-96
42    <uses-feature
42-->src\main\AndroidManifest.xml:18:3-108
43        android:name="android.hardware.touchscreen.multitouch.distinct"
43-->src\main\AndroidManifest.xml:18:17-80
44        android:required="false" />
44-->src\main\AndroidManifest.xml:18:81-105
45
46    <uses-permission android:name="com.oculus.permission.USE_ANCHOR_API" />
46-->src\main\AndroidManifest.xml:45:3-74
46-->src\main\AndroidManifest.xml:45:20-71
47
48    <uses-feature
48-->src\main\AndroidManifest.xml:46:3-90
49        android:name="com.oculus.feature.PASSTHROUGH"
49-->src\main\AndroidManifest.xml:46:17-62
50        android:required="false" />
50-->src\main\AndroidManifest.xml:46:63-87
51    <uses-feature
51-->src\main\AndroidManifest.xml:47:3-93
52        android:name="com.oculus.software.body_tracking"
52-->src\main\AndroidManifest.xml:47:17-65
53        android:required="false" />
53-->src\main\AndroidManifest.xml:47:66-90
54
55    <uses-permission android:name="com.oculus.permission.BODY_TRACKING" />
55-->src\main\AndroidManifest.xml:48:3-73
55-->src\main\AndroidManifest.xml:48:20-70
56
57    <uses-feature
57-->src\main\AndroidManifest.xml:49:3-89
58        android:name="oculus.software.face_tracking"
58-->src\main\AndroidManifest.xml:49:17-61
59        android:required="false" />
59-->src\main\AndroidManifest.xml:49:62-86
60
61    <uses-permission android:name="com.oculus.permission.FACE_TRACKING" />
61-->src\main\AndroidManifest.xml:50:3-73
61-->src\main\AndroidManifest.xml:50:20-70
62
63    <uses-feature
63-->src\main\AndroidManifest.xml:51:3-88
64        android:name="oculus.software.eye_tracking"
64-->src\main\AndroidManifest.xml:51:17-60
65        android:required="false" />
65-->src\main\AndroidManifest.xml:51:61-85
66
67    <uses-permission android:name="com.oculus.permission.EYE_TRACKING" />
67-->src\main\AndroidManifest.xml:52:3-72
67-->src\main\AndroidManifest.xml:52:20-69
68
69    <application
69-->src\main\AndroidManifest.xml:19:3-44:17
70        android:allowBackup="false"
70-->src\main\AndroidManifest.xml:19:81-108
71        android:extractNativeLibs="true"
71-->src\main\AndroidManifest.xml:19:109-141
72        android:icon="@mipmap/app_icon"
72-->src\main\AndroidManifest.xml:19:49-80
73        android:label="@string/app_name"
73-->src\main\AndroidManifest.xml:19:16-48
74        android:networkSecurityConfig="@xml/network_sec_config" >
74-->src\main\AndroidManifest.xml:19:142-197
75        <meta-data
75-->src\main\AndroidManifest.xml:20:5-89
76            android:name="unityplayer.SkipPermissionsDialog"
76-->src\main\AndroidManifest.xml:20:16-64
77            android:value="false" />
77-->src\main\AndroidManifest.xml:20:65-86
78        <meta-data
78-->src\main\AndroidManifest.xml:21:5-97
79            android:name="com.samsung.android.vr.application.mode"
79-->src\main\AndroidManifest.xml:21:16-70
80            android:value="vr_only" />
80-->src\main\AndroidManifest.xml:21:71-94
81        <meta-data
81-->src\main\AndroidManifest.xml:22:5-87
82            android:name="com.oculus.handtracking.frequency"
82-->src\main\AndroidManifest.xml:22:16-64
83            android:value="LOW" />
83-->src\main\AndroidManifest.xml:22:65-84
84        <meta-data
84-->src\main\AndroidManifest.xml:23:5-86
85            android:name="com.oculus.handtracking.version"
85-->src\main\AndroidManifest.xml:23:16-62
86            android:value="V2.0" />
86-->src\main\AndroidManifest.xml:23:63-83
87        <meta-data
87-->src\main\AndroidManifest.xml:24:5-86
88            android:name="com.oculus.ossplash.background"
88-->src\main\AndroidManifest.xml:24:16-61
89            android:value="black" />
89-->src\main\AndroidManifest.xml:24:62-83
90        <meta-data
90-->src\main\AndroidManifest.xml:25:5-100
91            android:name="com.oculus.supportedDevices"
91-->src\main\AndroidManifest.xml:25:16-58
92            android:value="quest2|questpro|eureka" />
92-->src\main\AndroidManifest.xml:25:59-97
93        <meta-data
93-->src\main\AndroidManifest.xml:26:5-69
94            android:name="unity.splash-mode"
94-->src\main\AndroidManifest.xml:26:16-48
95            android:value="0" />
95-->src\main\AndroidManifest.xml:26:49-66
96        <meta-data
96-->src\main\AndroidManifest.xml:27:5-74
97            android:name="unity.splash-enable"
97-->src\main\AndroidManifest.xml:27:16-50
98            android:value="True" />
98-->src\main\AndroidManifest.xml:27:51-71
99        <meta-data
99-->src\main\AndroidManifest.xml:28:5-78
100            android:name="unity.launch-fullscreen"
100-->src\main\AndroidManifest.xml:28:16-54
101            android:value="True" />
101-->src\main\AndroidManifest.xml:28:55-75
102        <meta-data
102-->src\main\AndroidManifest.xml:29:5-84
103            android:name="unity.allow-resizable-window"
103-->src\main\AndroidManifest.xml:29:16-59
104            android:value="False" />
104-->src\main\AndroidManifest.xml:29:60-81
105        <meta-data
105-->src\main\AndroidManifest.xml:30:5-81
106            android:name="notch.config"
106-->src\main\AndroidManifest.xml:30:16-43
107            android:value="portrait|landscape" />
107-->src\main\AndroidManifest.xml:30:44-78
108        <meta-data
108-->src\main\AndroidManifest.xml:31:5-84
109            android:name="unity.auto-report-fully-drawn"
109-->src\main\AndroidManifest.xml:31:16-60
110            android:value="true" />
110-->src\main\AndroidManifest.xml:31:61-81
111
112        <activity
112-->src\main\AndroidManifest.xml:32:5-40:16
113            android:name="com.unity3d.player.UnityPlayerActivity"
113-->src\main\AndroidManifest.xml:32:222-275
114            android:configChanges="keyboard|keyboardHidden|navigation|orientation|screenLayout|screenSize|uiMode|density"
114-->src\main\AndroidManifest.xml:32:80-189
115            android:excludeFromRecents="true"
115-->src\main\AndroidManifest.xml:32:276-309
116            android:exported="true"
116-->src\main\AndroidManifest.xml:32:310-333
117            android:hardwareAccelerated="false"
117-->src\main\AndroidManifest.xml:32:407-442
118            android:launchMode="singleTask"
118-->src\main\AndroidManifest.xml:32:190-221
119            android:resizeableActivity="false"
119-->src\main\AndroidManifest.xml:32:372-406
120            android:screenOrientation="landscape"
120-->src\main\AndroidManifest.xml:32:334-371
121            android:theme="@android:style/Theme.Black.NoTitleBar.Fullscreen" >
121-->src\main\AndroidManifest.xml:32:15-79
122            <intent-filter>
122-->src\main\AndroidManifest.xml:33:7-37:23
123                <category android:name="android.intent.category.LAUNCHER" />
123-->src\main\AndroidManifest.xml:34:9-69
123-->src\main\AndroidManifest.xml:34:19-66
124                <category android:name="com.oculus.intent.category.VR" />
124-->src\main\AndroidManifest.xml:35:9-66
124-->src\main\AndroidManifest.xml:35:19-63
125
126                <action android:name="android.intent.action.MAIN" />
126-->src\main\AndroidManifest.xml:36:9-61
126-->src\main\AndroidManifest.xml:36:17-58
127            </intent-filter>
128
129            <meta-data
129-->src\main\AndroidManifest.xml:38:7-81
130                android:name="com.oculus.vr.focusaware"
130-->src\main\AndroidManifest.xml:38:18-57
131                android:value="true" />
131-->src\main\AndroidManifest.xml:38:58-78
132            <meta-data
132-->src\main\AndroidManifest.xml:39:7-70
133                android:name="notch_support"
133-->src\main\AndroidManifest.xml:39:18-46
134                android:value="true" />
134-->src\main\AndroidManifest.xml:39:47-67
135        </activity>
136
137        <meta-data
137-->src\main\AndroidManifest.xml:41:5-91
138            android:name="com.unity.xr.oculus.LowOverheadMode"
138-->src\main\AndroidManifest.xml:41:16-66
139            android:value="false" />
139-->src\main\AndroidManifest.xml:41:67-88
140        <meta-data
140-->src\main\AndroidManifest.xml:42:5-88
141            android:name="com.unity.xr.oculus.LateLatching"
141-->src\main\AndroidManifest.xml:42:16-63
142            android:value="false" />
142-->src\main\AndroidManifest.xml:42:64-85
143        <meta-data
143-->src\main\AndroidManifest.xml:43:5-93
144            android:name="com.unity.xr.oculus.LateLatchingDebug"
144-->src\main\AndroidManifest.xml:43:16-68
145            android:value="false" />
145-->src\main\AndroidManifest.xml:43:69-90
146    </application>
147
148</manifest>